<?xml version="1.0" encoding="UTF-8"?>
<!-- Generated by org.testng.reporters.JUnitReportReporter -->
<testsuite hostname="LAPTOP-9U5L4TOI" failures="0" tests="1" name="testcases.HomePageTest" time="58.092" errors="0" timestamp="2022-08-19T16:04:10 IST" skipped="0">
  <testcase classname="testcases.HomePageTest" name="homepageTest" time="58.092"/>
  <system-out>
    <![CDATA[Product 1 successfully added to your shopping car
Product 2 successfully added to your shopping car]]>
  </system-out>
</testsuite> <!-- testcases.HomePageTest -->
